<?xml version="1.0" encoding="UTF-8"?>
<!-- Generated by org.testng.reporters.JUnitXMLReporter -->
<testsuite hostname="LAPTOP-O50P61C6" name="Test" tests="1" failures="0" timestamp="24 Dec 2016 10:21:59 GMT" time="1.236" errors="0">
  <testcase name="@BeforeTest setupTest" time="0.0" classname="com.suchi.demo_bank.Login_Page_Test">
    <failure type="java.lang.IllegalStateException" message="The path to the driver executable must be set by the webdriver.chrome.driver system property; for more information, see https://github.com/SeleniumHQ/selenium/wiki/ChromeDriver. The latest version can be downloaded from http://chromedriver.storage.googleapis.com/index.html">
      <![CDATA[java.lang.IllegalStateException: The path to the driver executable must be set by the webdriver.chrome.driver system property; for more information, see https://github.com/SeleniumHQ/selenium/wiki/ChromeDriver. The latest version can be downloaded from http://chromedriver.storage.googleapis.com/index.html
	at com.google.common.base.Preconditions.checkState(Preconditions.java:199)
	at org.openqa.selenium.remote.service.DriverService.findExecutable(DriverService.java:109)
	at org.openqa.selenium.chrome.ChromeDriverService.access$000(ChromeDriverService.java:32)
	at org.openqa.selenium.chrome.ChromeDriverService$Builder.findDefaultExecutable(ChromeDriverService.java:137)
	at org.openqa.selenium.remote.service.DriverService$Builder.build(DriverService.java:296)
	at org.openqa.selenium.chrome.ChromeDriverService.createDefaultService(ChromeDriverService.java:88)
	at org.openqa.selenium.chrome.ChromeDriver.<init>(ChromeDriver.java:116)
	at com.suchi.demo_bank.Login_Page_Test.setupTest(Login_Page_Test.java:33)
... Removed 22 stack frames]]>
    </failure>
  </testcase> <!-- @BeforeTest setupTest -->
  <testcase name="@BeforeClass setupClass" time="0.0" classname="com.suchi.demo_bank.Login_Page_Test">
    <skipped/>
  </testcase> <!-- @BeforeClass setupClass -->
  <testcase name="@AfterTest teardown" time="0.0" classname="com.suchi.demo_bank.Login_Page_Test">
    <skipped/>
  </testcase> <!-- @AfterTest teardown -->
  <testcase name="BankLoginTest" time="1.088" classname="com.suchi.demo_bank.Login_Page_Test">
    <skipped/>
  </testcase> <!-- BankLoginTest -->
</testsuite> <!-- Test -->
